2021-09-14 20:07:10:710 [32minfo[39m: [32mThe server is running on port 6060[39m
2021-09-14 20:08:28:828 [37mdebug[39m: [37mThe server is running on port 6060[39m
2021-09-14 20:11:12:1112 [37mdebug[39m: [37mThe server is running on port 6060[39m
2021-09-14 20:11:30:1130 [37mdebug[39m: [37mThe server is running on port 6060[39m
2021-09-14 20:11:34:1134 [35mhttp[39m: [35mGET /asdasd 404 24 - 10.794 ms[39m
[35m[39m
2021-09-15 11:09:16:916 [37mdebug[39m: [37m[37mdebug[37m[39m
2021-09-15 11:09:16:916 [37mdebug[39m: [37mThe server is running on port 6060[39m
2021-09-15 11:09:53:953 [37mdebug[39m: [37mCONNECTION_URI undefined[39m
2021-09-15 11:09:53:953 [37mdebug[39m: [37mThe server is running on port 6060[39m
2021-09-15 11:11:08:118 [37mdebug[39m: [37mCONNECTION_URI mongodb+srv://admin:VwauXgqpWtZyMIFb@sharkcluster.w2ids.mongodb.net/notesDB?retryWrites=true&w=majority[39m
2021-09-15 11:11:08:118 [37mdebug[39m: [37mThe server is running on port 6060[39m
2021-09-15 11:26:49:2649 [37mdebug[39m: [37mCONNECTION_URI mongodb+srv://admin:VwauXgqpWtZyMIFb@sharkcluster.w2ids.mongodb.net/notesDB?retryWrites=true&w=majority[39m
2021-09-15 11:26:49:2649 [37mdebug[39m: [37mThe server is running on port 6060[39m
2021-09-15 11:28:31:2831 [37mdebug[39m: [37mCONNECTION_URI mongodb+srv://admin:VwauXgqpWtZyMIFb@sharkcluster.w2ids.mongodb.net/notesDB?retryWrites=true&w=majority[39m
2021-09-15 11:28:31:2831 [37mdebug[39m: [37mThe server is running on port 6060[39m
2021-09-15 11:29:02:292 [37mdebug[39m: [37mThe server is running on port 6060[39m
2021-09-15 11:29:33:2933 [37mdebug[39m: [37mConnected to DB[39m
2021-09-15 11:30:22:3022 [37mdebug[39m: [37mThe server is running on port 6060[39m
2021-09-15 11:30:46:3046 [37mdebug[39m: [37mThe server is running on port 6060[39m
2021-09-15 11:33:19:3319 [37mdebug[39m: [37mThe server is running on port 6060[39m
2021-09-15 11:33:52:3352 [37mdebug[39m: [37mThe server is running on port 6060[39m
2021-09-15 11:34:22:3422 [37mdebug[39m: [37mConnected to DB[39m
2021-09-15 11:36:06:366 [37mdebug[39m: [37mThe server is running on port 6060[39m
2021-09-15 11:36:36:3636 [37mdebug[39m: [37mConnected to DB[39m
2021-09-15 11:40:16:4016 [37mdebug[39m: [37mConnected to DB 11[39m
2021-09-15 11:40:16:4016 [37mdebug[39m: [37mThe server is running on port 6060[39m
2021-09-15 11:40:36:4036 [37mdebug[39m: [37mConnected to DB 12ms[39m
2021-09-15 11:40:36:4036 [37mdebug[39m: [37mThe server is running on port 6060[39m
2021-09-15 11:40:54:4054 [37mdebug[39m: [37mConnected to DB 11ms[39m
2021-09-15 11:40:54:4054 [37mdebug[39m: [37mThe server is running on port 6060[39m
2021-09-15 11:41:16:4116 [37mdebug[39m: [37mConnected to DB 11ms[39m
2021-09-15 11:41:16:4116 [37mdebug[39m: [37mThe server is running on port 6060[39m
2021-09-15 11:41:32:4132 [37mdebug[39m: [37mConnected to DB 12ms[39m
2021-09-15 11:41:32:4132 [37mdebug[39m: [37mThe server is running on port 6060[39m
2021-09-15 11:45:22:4522 [37mdebug[39m: [37mConnected to DB 12ms[39m
2021-09-15 11:45:22:4522 [37mdebug[39m: [37mThe server is running on port 6060[39m
2021-09-15 11:46:36:4636 [37mdebug[39m: [37mConnected to DB 19ms[39m
2021-09-15 11:46:36:4636 [37mdebug[39m: [37mThe server is running on port 6060[39m
2021-09-15 11:49:07:497 [37mdebug[39m: [37mConnected to DB 14ms[39m
2021-09-15 11:49:07:497 [37mdebug[39m: [37mThe server is running on port 6060[39m
2021-09-15 11:50:14:5014 [37mdebug[39m: [37mConnected to DB 11ms[39m
2021-09-15 11:50:14:5014 [37mdebug[39m: [37mThe server is running on port 6060[39m
2021-09-15 11:52:28:5228 [37mdebug[39m: [37mConnected to DB 12ms[39m
2021-09-15 11:52:28:5228 [37mdebug[39m: [37mThe server is running on port 6060[39m
2021-09-15 11:52:33:5233 [37mdebug[39m: [37mConnected to DB 12ms[39m
2021-09-15 11:52:33:5233 [37mdebug[39m: [37mThe server is running on port 6060[39m
2021-09-15 11:54:23:5423 [37mdebug[39m: [37mConnected to DB 12ms[39m
2021-09-15 11:54:23:5423 [37mdebug[39m: [37mThe server is running on port 6060[39m
2021-09-15 11:55:01:551 [37mdebug[39m: [37mConnected to DB 15ms[39m
2021-09-15 11:55:01:551 [37mdebug[39m: [37mThe server is running on port 6060[39m
2021-09-15 11:55:18:5518 [37mdebug[39m: [37mConnected to DB 12ms[39m
2021-09-15 11:55:18:5518 [37mdebug[39m: [37mThe server is running on port 6060[39m
2021-09-15 11:58:14:5814 [37mdebug[39m: [37mConnected to DB 11ms[39m
2021-09-15 11:58:14:5814 [37mdebug[39m: [37mThe server is running on port 6060[39m
2021-09-15 12:00:02:02 [37mdebug[39m: [37mConnected to DB 12ms[39m
2021-09-15 12:00:02:02 [37mdebug[39m: [37mThe server is running on port 6060[39m
2021-09-15 12:00:21:021 [37mdebug[39m: [37mConnected to DB 12ms[39m
2021-09-15 12:00:21:021 [37mdebug[39m: [37mThe server is running on port 6060[39m
2021-09-15 12:00:43:043 [37mdebug[39m: [37mConnected to DB 15ms[39m
2021-09-15 12:00:43:043 [37mdebug[39m: [37mThe server is running on port 6060[39m
2021-09-15 12:01:37:137 [37mdebug[39m: [37mConnected to DB 50ms[39m
2021-09-15 12:01:37:137 [37mdebug[39m: [37mThe server is running on port 6060[39m
2021-09-15 12:07:02:72 [37mdebug[39m: [37mConnected to DB 16ms[39m
2021-09-15 12:07:02:72 [37mdebug[39m: [37mThe server is running on port 6060[39m
2021-09-15 12:07:27:727 [37mdebug[39m: [37mConnected to DB 16ms[39m
2021-09-15 12:07:27:727 [37mdebug[39m: [37mThe server is running on port 6060[39m
2021-09-15 12:07:42:742 [37mdebug[39m: [37mConnected to DB 14ms[39m
2021-09-15 12:07:42:742 [37mdebug[39m: [37mThe server is running on port 6060[39m
2021-09-15 12:08:01:81 [37mdebug[39m: [37mThe server is running on port 6060[39m
2021-09-15 12:10:30:1030 [37mdebug[39m: [37mThe server is running on port 6060[39m
2021-09-15 12:10:50:1050 [37mdebug[39m: [37mThe server is running on port 6060[39m
2021-09-15 12:13:13:1313 [37mdebug[39m: [37mThe server is running on port 6060[39m
2021-09-15 12:13:27:1327 [37mdebug[39m: [37mThe server is running on port 6060[39m
2021-09-15 12:13:57:1357 [31merror[39m: [31mCould not connect to any servers in your MongoDB Atlas cluster. One common reason is that you're trying to access the database from an IP that isn't whitelisted. Make sure your current IP address is on your Atlas cluster's IP whitelist: https://docs.atlas.mongodb.com/security-whitelist/[39m
2021-09-15 12:13:57:1357 [31merror[39m: [31mCould not connect to any servers in your MongoDB Atlas cluster. One common reason is that you're trying to access the database from an IP that isn't whitelisted. Make sure your current IP address is on your Atlas cluster's IP whitelist: https://docs.atlas.mongodb.com/security-whitelist/[39m
2021-09-15 12:17:01:171 [37mdebug[39m: [37mThe server is running on port 6060[39m
2021-09-15 12:17:02:172 [37mdebug[39m: [37mConnected to DB 1320ms[39m
2021-09-15 12:17:42:1742 [37mdebug[39m: [37mThe server is running on port 6060[39m
2021-09-15 12:17:42:1742 [37mdebug[39m: [37mConnected to DB 388ms[39m
2021-09-15 12:20:35:2035 [37mdebug[39m: [37mThe server is running on port 6060[39m
2021-09-15 12:20:38:2038 [37mdebug[39m: [37mConnected to DB 2817ms[39m
2021-09-15 12:22:55:2255 [37mdebug[39m: [37mThe server is running on port 6060[39m
2021-09-15 12:22:57:2257 [37mdebug[39m: [37mConnected to DB 2113ms[39m
2021-09-15 12:25:10:2510 [35mhttp[39m: [35mGET /api/v1/notes 200 2 - 51.788 ms[39m
[35m[39m
2021-09-15 12:27:18:2718 [37mdebug[39m: [37mThe server is running on port 6060[39m
2021-09-15 12:27:20:2720 [37mdebug[39m: [37mConnected to DB 1909ms[39m
2021-09-15 12:27:26:2726 [35mhttp[39m: [35mGET /api/v1/notes 200 2 - 50.122 ms[39m
[35m[39m
2021-09-15 12:27:27:2727 [35mhttp[39m: [35mGET /favicon.ico 404 24 - 0.755 ms[39m
[35m[39m
2021-09-15 12:28:13:2813 [35mhttp[39m: [35mGET /api/v1/notes 200 2 - 37.803 ms[39m
[35m[39m
2021-09-15 12:28:13:2813 [35mhttp[39m: [35mGET /favicon.ico 404 24 - 0.773 ms[39m
[35m[39m
2021-09-15 12:29:05:295 [37mdebug[39m: [37mThe server is running on port 6060[39m
2021-09-15 12:29:12:2912 [37mdebug[39m: [37mConnected to DB 6752ms[39m
2021-09-15 12:30:14:3014 [35mhttp[39m: [35mGET /api/v1/notes 200 2 - 64.981 ms[39m
[35m[39m
2021-09-15 12:36:26:3626 [37mdebug[39m: [37mThe server is running on port 6060[39m
2021-09-15 12:36:28:3628 [37mdebug[39m: [37mConnected to DB 2340ms[39m
2021-09-15 12:36:28:3628 [35mhttp[39m: [35mGET /api/v1/notes 200 2 - 485.473 ms[39m
[35m[39m
2021-09-15 12:37:15:3715 [37mdebug[39m: [37mThe server is running on port 6060[39m
2021-09-15 12:37:25:3725 [37mdebug[39m: [37mConnected to DB 10613ms[39m
2021-09-15 12:37:30:3730 [35mhttp[39m: [35mGET /api/v1/notes 200 2 - 51.892 ms[39m
[35m[39m
2021-09-15 12:37:30:3730 [35mhttp[39m: [35mGET /favicon.ico 404 24 - 0.702 ms[39m
[35m[39m
2021-09-15 12:39:43:3943 [37mdebug[39m: [37mThe server is running on port 6060[39m
2021-09-15 12:39:50:3950 [37mdebug[39m: [37mConnected to DB 7172ms[39m
2021-09-15 12:40:43:4043 [37mdebug[39m: [37mThe server is running on port 6060[39m
2021-09-15 12:40:45:4045 [37mdebug[39m: [37mConnected to DB 2740ms[39m
2021-09-15 12:40:46:4046 [35mhttp[39m: [35mGET /api/v1/notes 200 2 - 206.792 ms[39m
[35m[39m
2021-09-15 12:44:29:4429 [37mdebug[39m: [37mThe server is running on port 6060[39m
2021-09-15 12:44:35:4435 [37mdebug[39m: [37mConnected to DB 5859ms[39m
2021-09-15 12:44:35:4435 [35mhttp[39m: [35mGET /api/v1/notes 200 2 - 5861.818 ms[39m
[35m[39m
2021-09-15 12:50:15:5015 [37mdebug[39m: [37mThe server is running on port 6060[39m
2021-09-15 12:50:17:5017 [37mdebug[39m: [37mConnected to DB 2338ms[39m
2021-09-15 12:51:19:5119 [37mdebug[39m: [37mThe server is running on port 6060[39m
2021-09-15 12:51:22:5122 [37mdebug[39m: [37mConnected to DB 3323ms[39m
2021-09-15 12:51:29:5129 [35mhttp[39m: [35mGET /api/v1/notes 304 - - 71.213 ms[39m
[35m[39m
2021-09-15 12:55:40:5540 [35mhttp[39m: [35mPOST /api/v1/notes - - - - ms[39m
[35m[39m
2021-09-15 12:56:14:5614 [37mdebug[39m: [37mThe server is running on port 6060[39m
2021-09-15 12:56:16:5616 [37mdebug[39m: [37mConnected to DB 2300ms[39m
2021-09-15 12:56:36:5636 [37mdebug[39m: [37mThe server is running on port 6060[39m
2021-09-15 12:56:36:5636 [37mdebug[39m: [37mConnected to DB 476ms[39m
2021-09-15 13:00:43:043 [37mdebug[39m: [37mThe server is running on port 6060[39m
2021-09-15 13:00:47:047 [37mdebug[39m: [37mConnected to DB 3547ms[39m
2021-09-15 13:01:47:147 [37mdebug[39m: [37mThe server is running on port 6060[39m
2021-09-15 13:01:47:147 [37mdebug[39m: [37mConnected to DB 554ms[39m
